        -:    0:Source:test.c
        -:    0:Graph:test.gcno
        -:    0:Data:test.gcda
        -:    0:Runs:1
        -:    0:Programs:1
        -:    1:#include <stdio.h>
        -:    2:
        1:    3:int main (void)
        -:    4:{
        -:    5:
        -:    6:  int i;
        -:    7:
       13:    8:  for(i=1;i<13;i++)
        -:    9:  {
       12:   10:    if(i%2 == 0)
        6:   11:    printf("%d is divisible by 2 \n",i);
        -:   12:
       12:   13:    if(i%5==0)
        2:   14:    printf("%d is divisible by 5 \n",i);
        -:   15:
       12:   16:    if (i%14==0)
    #####:   17:    printf("%d is divisible by 14 \n",i);
        -:   18:  }
        -:   19:
        1:   20:  return 0;
        -:   21:}
